mode: set
group-project/limamart/usecase/cart/cart.go:15.151,20.2 1 1
group-project/limamart/usecase/cart/cart.go:22.76,25.2 2 1
group-project/limamart/usecase/cart/cart.go:27.74,30.2 2 1
group-project/limamart/usecase/cart/cart.go:32.84,34.15 2 1
group-project/limamart/usecase/cart/cart.go:37.2,37.16 1 1
group-project/limamart/usecase/cart/cart.go:40.2,40.28 1 1
group-project/limamart/usecase/cart/cart.go:43.2,43.22 1 1
group-project/limamart/usecase/cart/cart.go:46.2,46.34 1 1
group-project/limamart/usecase/cart/cart.go:50.2,53.19 3 0
group-project/limamart/usecase/cart/cart.go:34.15,36.3 1 1
group-project/limamart/usecase/cart/cart.go:37.16,39.3 1 0
group-project/limamart/usecase/cart/cart.go:40.28,42.3 1 1
group-project/limamart/usecase/cart/cart.go:43.22,45.3 1 1
group-project/limamart/usecase/cart/cart.go:46.34,48.3 1 1
group-project/limamart/usecase/cart/cart.go:56.111,58.16 2 1
group-project/limamart/usecase/cart/cart.go:61.2,61.15 1 1
group-project/limamart/usecase/cart/cart.go:64.2,64.28 1 1
group-project/limamart/usecase/cart/cart.go:67.2,68.16 2 1
group-project/limamart/usecase/cart/cart.go:71.2,71.15 1 1
group-project/limamart/usecase/cart/cart.go:74.2,74.28 1 1
group-project/limamart/usecase/cart/cart.go:77.2,77.22 1 1
group-project/limamart/usecase/cart/cart.go:80.2,80.34 1 1
group-project/limamart/usecase/cart/cart.go:84.2,87.25 3 1
group-project/limamart/usecase/cart/cart.go:58.16,60.3 1 1
group-project/limamart/usecase/cart/cart.go:61.15,63.3 1 0
group-project/limamart/usecase/cart/cart.go:64.28,66.3 1 0
group-project/limamart/usecase/cart/cart.go:68.16,70.3 1 0
group-project/limamart/usecase/cart/cart.go:71.15,73.3 1 0
group-project/limamart/usecase/cart/cart.go:74.28,76.3 1 1
group-project/limamart/usecase/cart/cart.go:77.22,79.3 1 1
group-project/limamart/usecase/cart/cart.go:80.34,82.3 1 1
group-project/limamart/usecase/cart/cart.go:90.50,93.2 2 1
group-project/limamart/usecase/catagory/catagory.go:12.112,16.2 1 1
group-project/limamart/usecase/catagory/catagory.go:18.76,21.2 2 1
group-project/limamart/usecase/auth/auth.go:11.92,15.2 1 1
group-project/limamart/usecase/auth/auth.go:17.78,20.2 2 1
group-project/limamart/usecase/order/order.go:17.206,23.2 1 1
group-project/limamart/usecase/order/order.go:25.90,28.2 2 1
group-project/limamart/usecase/order/order.go:30.130,31.40 1 1
group-project/limamart/usecase/order/order.go:42.2,45.25 3 1
group-project/limamart/usecase/order/order.go:31.40,33.16 2 1
group-project/limamart/usecase/order/order.go:36.3,36.17 1 1
group-project/limamart/usecase/order/order.go:39.3,39.42 1 1
group-project/limamart/usecase/order/order.go:33.16,35.4 1 0
group-project/limamart/usecase/order/order.go:36.17,38.4 1 1
group-project/limamart/usecase/order/order.go:48.91,51.2 2 1
group-project/limamart/usecase/order/order.go:53.134,55.16 2 1
group-project/limamart/usecase/order/order.go:58.2,58.15 1 1
group-project/limamart/usecase/order/order.go:61.2,61.29 1 1
group-project/limamart/usecase/order/order.go:64.2,64.29 1 1
group-project/limamart/usecase/order/order.go:67.2,67.32 1 1
group-project/limamart/usecase/order/order.go:70.2,70.33 1 1
group-project/limamart/usecase/order/order.go:73.2,75.43 3 1
group-project/limamart/usecase/order/order.go:55.16,57.3 1 1
group-project/limamart/usecase/order/order.go:58.15,60.3 1 0
group-project/limamart/usecase/order/order.go:61.29,63.3 1 0
group-project/limamart/usecase/order/order.go:64.29,66.3 1 1
group-project/limamart/usecase/order/order.go:67.32,69.3 1 0
group-project/limamart/usecase/order/order.go:70.33,72.3 1 0
group-project/limamart/usecase/product/product.go:13.107,17.2 1 1
group-project/limamart/usecase/product/product.go:19.66,22.2 2 1
group-project/limamart/usecase/product/product.go:24.96,26.29 2 1
group-project/limamart/usecase/product/product.go:29.2,29.32 1 1
group-project/limamart/usecase/product/product.go:32.2,32.31 1 1
group-project/limamart/usecase/product/product.go:35.2,35.24 1 1
group-project/limamart/usecase/product/product.go:38.2,38.24 1 1
group-project/limamart/usecase/product/product.go:41.2,41.30 1 1
group-project/limamart/usecase/product/product.go:44.2,44.21 1 1
group-project/limamart/usecase/product/product.go:26.29,28.3 1 1
group-project/limamart/usecase/product/product.go:29.32,31.3 1 1
group-project/limamart/usecase/product/product.go:32.31,34.3 1 1
group-project/limamart/usecase/product/product.go:35.24,37.3 1 1
group-project/limamart/usecase/product/product.go:38.24,40.3 1 1
group-project/limamart/usecase/product/product.go:41.30,43.3 1 1
group-project/limamart/usecase/product/product.go:47.124,49.16 2 1
group-project/limamart/usecase/product/product.go:52.2,52.15 1 1
group-project/limamart/usecase/product/product.go:55.2,55.35 1 1
group-project/limamart/usecase/product/product.go:58.2,58.29 1 1
group-project/limamart/usecase/product/product.go:61.2,61.32 1 1
group-project/limamart/usecase/product/product.go:64.2,64.31 1 1
group-project/limamart/usecase/product/product.go:67.2,67.24 1 1
group-project/limamart/usecase/product/product.go:70.2,70.24 1 1
group-project/limamart/usecase/product/product.go:73.2,73.30 1 1
group-project/limamart/usecase/product/product.go:76.2,77.27 2 1
group-project/limamart/usecase/product/product.go:49.16,51.3 1 1
group-project/limamart/usecase/product/product.go:52.15,54.3 1 0
group-project/limamart/usecase/product/product.go:55.35,57.3 1 0
group-project/limamart/usecase/product/product.go:58.29,60.3 1 1
group-project/limamart/usecase/product/product.go:61.32,63.3 1 1
group-project/limamart/usecase/product/product.go:64.31,66.3 1 1
group-project/limamart/usecase/product/product.go:67.24,69.3 1 1
group-project/limamart/usecase/product/product.go:70.24,72.3 1 1
group-project/limamart/usecase/product/product.go:73.30,75.3 1 1
group-project/limamart/usecase/product/product.go:80.56,83.2 2 1
group-project/limamart/usecase/product/product.go:85.83,88.2 2 1
group-project/limamart/usecase/product/product.go:90.88,93.2 2 1
group-project/limamart/usecase/users/users.go:14.92,18.2 1 1
group-project/limamart/usecase/users/users.go:21.84,26.24 4 1
group-project/limamart/usecase/users/users.go:29.2,29.25 1 1
group-project/limamart/usecase/users/users.go:32.2,32.28 1 1
group-project/limamart/usecase/users/users.go:35.2,35.31 1 1
group-project/limamart/usecase/users/users.go:39.2,39.19 1 1
group-project/limamart/usecase/users/users.go:26.24,28.3 1 0
group-project/limamart/usecase/users/users.go:29.25,31.3 1 1
group-project/limamart/usecase/users/users.go:32.28,34.3 1 0
group-project/limamart/usecase/users/users.go:35.31,37.3 1 1
group-project/limamart/usecase/users/users.go:42.97,46.16 4 1
group-project/limamart/usecase/users/users.go:49.2,49.15 1 1
group-project/limamart/usecase/users/users.go:52.2,52.24 1 1
group-project/limamart/usecase/users/users.go:55.2,55.25 1 1
group-project/limamart/usecase/users/users.go:58.2,58.28 1 1
group-project/limamart/usecase/users/users.go:61.2,61.31 1 1
group-project/limamart/usecase/users/users.go:65.2,66.25 2 1
group-project/limamart/usecase/users/users.go:46.16,48.3 1 1
group-project/limamart/usecase/users/users.go:49.15,51.3 1 0
group-project/limamart/usecase/users/users.go:52.24,54.3 1 1
group-project/limamart/usecase/users/users.go:55.25,57.3 1 1
group-project/limamart/usecase/users/users.go:58.28,60.3 1 1
group-project/limamart/usecase/users/users.go:61.31,63.3 1 1
group-project/limamart/usecase/users/users.go:69.50,72.2 2 1
group-project/limamart/usecase/users/users.go:74.74,77.2 2 1
