mode: set
group-project/limamart/usecase/catagory/catagory.go:12.112,16.2 1 1
group-project/limamart/usecase/catagory/catagory.go:18.76,21.2 2 1
group-project/limamart/usecase/auth/auth.go:11.92,15.2 1 1
group-project/limamart/usecase/auth/auth.go:17.78,20.2 2 1
group-project/limamart/usecase/cart/cart.go:15.151,20.2 1 1
group-project/limamart/usecase/cart/cart.go:22.76,25.2 2 1
group-project/limamart/usecase/cart/cart.go:27.74,30.2 2 1
group-project/limamart/usecase/cart/cart.go:32.90,35.2 2 0
group-project/limamart/usecase/cart/cart.go:37.98,39.15 2 1
group-project/limamart/usecase/cart/cart.go:42.2,42.16 1 1
group-project/limamart/usecase/cart/cart.go:45.2,45.28 1 1
group-project/limamart/usecase/cart/cart.go:48.2,48.22 1 1
group-project/limamart/usecase/cart/cart.go:51.2,51.34 1 1
group-project/limamart/usecase/cart/cart.go:54.2,57.15 3 0
group-project/limamart/usecase/cart/cart.go:60.2,60.16 1 0
group-project/limamart/usecase/cart/cart.go:63.2,63.34 1 0
group-project/limamart/usecase/cart/cart.go:75.2,76.30 2 0
group-project/limamart/usecase/cart/cart.go:39.15,41.3 1 1
group-project/limamart/usecase/cart/cart.go:42.16,44.3 1 0
group-project/limamart/usecase/cart/cart.go:45.28,47.3 1 1
group-project/limamart/usecase/cart/cart.go:48.22,50.3 1 1
group-project/limamart/usecase/cart/cart.go:51.34,53.3 1 1
group-project/limamart/usecase/cart/cart.go:57.15,59.3 1 0
group-project/limamart/usecase/cart/cart.go:60.16,62.3 1 0
group-project/limamart/usecase/cart/cart.go:63.34,64.46 1 0
group-project/limamart/usecase/cart/cart.go:64.46,65.49 1 0
group-project/limamart/usecase/cart/cart.go:68.4,71.20 4 0
group-project/limamart/usecase/cart/cart.go:65.49,67.5 1 0
group-project/limamart/usecase/cart/cart.go:79.111,81.16 2 1
group-project/limamart/usecase/cart/cart.go:84.2,84.15 1 1
group-project/limamart/usecase/cart/cart.go:87.2,87.28 1 1
group-project/limamart/usecase/cart/cart.go:90.2,91.16 2 1
group-project/limamart/usecase/cart/cart.go:94.2,94.15 1 1
group-project/limamart/usecase/cart/cart.go:97.2,97.28 1 1
group-project/limamart/usecase/cart/cart.go:100.2,100.22 1 1
group-project/limamart/usecase/cart/cart.go:103.2,103.34 1 1
group-project/limamart/usecase/cart/cart.go:107.2,110.25 3 1
group-project/limamart/usecase/cart/cart.go:81.16,83.3 1 1
group-project/limamart/usecase/cart/cart.go:84.15,86.3 1 0
group-project/limamart/usecase/cart/cart.go:87.28,89.3 1 0
group-project/limamart/usecase/cart/cart.go:91.16,93.3 1 0
group-project/limamart/usecase/cart/cart.go:94.15,96.3 1 0
group-project/limamart/usecase/cart/cart.go:97.28,99.3 1 1
group-project/limamart/usecase/cart/cart.go:100.22,102.3 1 1
group-project/limamart/usecase/cart/cart.go:103.34,105.3 1 1
group-project/limamart/usecase/cart/cart.go:113.50,116.2 2 1
group-project/limamart/usecase/order/order.go:17.206,23.2 1 1
group-project/limamart/usecase/order/order.go:25.111,29.34 3 1
group-project/limamart/usecase/order/order.go:39.2,39.35 1 1
group-project/limamart/usecase/order/order.go:29.34,31.16 2 1
group-project/limamart/usecase/order/order.go:34.3,34.17 1 1
group-project/limamart/usecase/order/order.go:37.3,37.39 1 1
group-project/limamart/usecase/order/order.go:31.16,33.4 1 0
group-project/limamart/usecase/order/order.go:34.17,36.4 1 0
group-project/limamart/usecase/order/order.go:42.130,43.40 1 1
group-project/limamart/usecase/order/order.go:54.2,57.25 3 1
group-project/limamart/usecase/order/order.go:43.40,45.16 2 1
group-project/limamart/usecase/order/order.go:48.3,48.17 1 1
group-project/limamart/usecase/order/order.go:51.3,51.42 1 1
group-project/limamart/usecase/order/order.go:45.16,47.4 1 0
group-project/limamart/usecase/order/order.go:48.17,50.4 1 1
group-project/limamart/usecase/order/order.go:60.91,63.2 2 1
group-project/limamart/usecase/order/order.go:65.134,67.16 2 1
group-project/limamart/usecase/order/order.go:70.2,70.15 1 1
group-project/limamart/usecase/order/order.go:73.2,73.29 1 1
group-project/limamart/usecase/order/order.go:76.2,76.29 1 1
group-project/limamart/usecase/order/order.go:79.2,79.32 1 1
group-project/limamart/usecase/order/order.go:82.2,82.33 1 1
group-project/limamart/usecase/order/order.go:85.2,87.43 3 1
group-project/limamart/usecase/order/order.go:67.16,69.3 1 1
group-project/limamart/usecase/order/order.go:70.15,72.3 1 0
group-project/limamart/usecase/order/order.go:73.29,75.3 1 0
group-project/limamart/usecase/order/order.go:76.29,78.3 1 1
group-project/limamart/usecase/order/order.go:79.32,81.3 1 0
group-project/limamart/usecase/order/order.go:82.33,84.3 1 0
group-project/limamart/usecase/product/product.go:15.157,20.2 1 1
group-project/limamart/usecase/product/product.go:22.66,25.2 2 1
group-project/limamart/usecase/product/product.go:27.96,29.29 2 1
group-project/limamart/usecase/product/product.go:32.2,32.32 1 1
group-project/limamart/usecase/product/product.go:35.2,35.31 1 1
group-project/limamart/usecase/product/product.go:38.2,38.24 1 1
group-project/limamart/usecase/product/product.go:41.2,41.24 1 1
group-project/limamart/usecase/product/product.go:44.2,44.30 1 1
group-project/limamart/usecase/product/product.go:47.2,47.21 1 1
group-project/limamart/usecase/product/product.go:29.29,31.3 1 1
group-project/limamart/usecase/product/product.go:32.32,34.3 1 1
group-project/limamart/usecase/product/product.go:35.31,37.3 1 1
group-project/limamart/usecase/product/product.go:38.24,40.3 1 1
group-project/limamart/usecase/product/product.go:41.24,43.3 1 1
group-project/limamart/usecase/product/product.go:44.30,46.3 1 1
group-project/limamart/usecase/product/product.go:50.124,52.16 2 1
group-project/limamart/usecase/product/product.go:55.2,55.15 1 1
group-project/limamart/usecase/product/product.go:58.2,58.35 1 1
group-project/limamart/usecase/product/product.go:61.2,61.29 1 1
group-project/limamart/usecase/product/product.go:64.2,64.32 1 1
group-project/limamart/usecase/product/product.go:67.2,67.31 1 1
group-project/limamart/usecase/product/product.go:70.2,70.24 1 1
group-project/limamart/usecase/product/product.go:73.2,73.24 1 1
group-project/limamart/usecase/product/product.go:76.2,76.30 1 1
group-project/limamart/usecase/product/product.go:79.2,80.27 2 1
group-project/limamart/usecase/product/product.go:52.16,54.3 1 1
group-project/limamart/usecase/product/product.go:55.15,57.3 1 0
group-project/limamart/usecase/product/product.go:58.35,60.3 1 0
group-project/limamart/usecase/product/product.go:61.29,63.3 1 1
group-project/limamart/usecase/product/product.go:64.32,66.3 1 1
group-project/limamart/usecase/product/product.go:67.31,69.3 1 1
group-project/limamart/usecase/product/product.go:70.24,72.3 1 1
group-project/limamart/usecase/product/product.go:73.24,75.3 1 1
group-project/limamart/usecase/product/product.go:76.30,78.3 1 1
group-project/limamart/usecase/product/product.go:83.56,85.16 2 1
group-project/limamart/usecase/product/product.go:89.2,90.16 2 1
group-project/limamart/usecase/product/product.go:93.2,94.18 2 1
group-project/limamart/usecase/product/product.go:85.16,87.3 1 1
group-project/limamart/usecase/product/product.go:90.16,92.3 1 0
group-project/limamart/usecase/product/product.go:97.83,100.2 2 1
group-project/limamart/usecase/product/product.go:102.88,105.2 2 1
group-project/limamart/usecase/users/users.go:14.92,18.2 1 1
group-project/limamart/usecase/users/users.go:21.84,26.24 4 1
group-project/limamart/usecase/users/users.go:29.2,29.25 1 1
group-project/limamart/usecase/users/users.go:32.2,32.28 1 1
group-project/limamart/usecase/users/users.go:35.2,35.31 1 1
group-project/limamart/usecase/users/users.go:39.2,39.19 1 1
group-project/limamart/usecase/users/users.go:26.24,28.3 1 0
group-project/limamart/usecase/users/users.go:29.25,31.3 1 1
group-project/limamart/usecase/users/users.go:32.28,34.3 1 0
group-project/limamart/usecase/users/users.go:35.31,37.3 1 1
group-project/limamart/usecase/users/users.go:42.97,46.16 4 1
group-project/limamart/usecase/users/users.go:49.2,49.15 1 1
group-project/limamart/usecase/users/users.go:52.2,52.24 1 1
group-project/limamart/usecase/users/users.go:55.2,55.25 1 1
group-project/limamart/usecase/users/users.go:58.2,58.28 1 1
group-project/limamart/usecase/users/users.go:61.2,61.31 1 1
group-project/limamart/usecase/users/users.go:65.2,66.25 2 1
group-project/limamart/usecase/users/users.go:46.16,48.3 1 1
group-project/limamart/usecase/users/users.go:49.15,51.3 1 0
group-project/limamart/usecase/users/users.go:52.24,54.3 1 1
group-project/limamart/usecase/users/users.go:55.25,57.3 1 1
group-project/limamart/usecase/users/users.go:58.28,60.3 1 1
group-project/limamart/usecase/users/users.go:61.31,63.3 1 1
group-project/limamart/usecase/users/users.go:69.50,72.2 2 1
group-project/limamart/usecase/users/users.go:74.74,77.2 2 1
